......                                                                   [100%]
=============================== warnings summary ===============================
tests/test_correctness.py::test_register_metadata
  /usr/local/lib/python3.12/dist-packages/flashinfer/gemm/kernels/grouped_gemm_masked_blackwell.py:2060: DeprecationWarning: tcgen05.OperandMajorMode is deprecated, use cute.nvgpu.OperandMajorMode instead
    a_major_mode: tcgen05.OperandMajorMode,

tests/test_correctness.py::test_register_metadata
  /usr/local/lib/python3.12/dist-packages/flashinfer/gemm/kernels/grouped_gemm_masked_blackwell.py:2062: DeprecationWarning: tcgen05.OperandMajorMode is deprecated, use cute.nvgpu.OperandMajorMode instead
    b_major_mode: tcgen05.OperandMajorMode,

tests/test_correctness.py::test_register_metadata
tests/test_correctness.py::test_register_metadata
  /usr/local/lib/python3.12/dist-packages/flashinfer/gdn_kernels/blackwell/gated_delta_net_chunked.py:99: DeprecationWarning: tcgen05.OperandMajorMode is deprecated, use cute.nvgpu.OperandMajorMode instead
    from cutlass.cute.nvgpu.tcgen05 import OperandMajorMode

tests/test_correctness.py::test_register_metadata
  <frozen importlib._bootstrap>:488: DeprecationWarning: builtin type SwigPyPacked has no __module__ attribute

tests/test_correctness.py::test_register_metadata
  <frozen importlib._bootstrap>:488: DeprecationWarning: builtin type SwigPyObject has no __module__ attribute

tests/test_correctness.py: 14 warnings
  /usr/local/lib/python3.12/dist-packages/torch/jit/_script.py:365: DeprecationWarning: `torch.jit.script_method` is deprecated. Please switch to `torch.compile` or `torch.export`.
    warnings.warn(

-- Docs: https://docs.pytest.org/en/stable/how-to/capture-warnings.html
6 passed, 20 warnings in 32.70s
sys:1: DeprecationWarning: builtin type swigvarlink has no __module__ attribute
